2025-10-24 17:47:01,656 - INFO - Proceso completado exitosamente
2025-10-24 17:47:01,637 - INFO - Mensaje de Telegram enviado exitosamente
2025-10-24 17:47:00,879 - INFO - Email enviado exitosamente
2025-10-24 17:46:59,154 - INFO - Precio guardado: 216.3714 Bs
2025-10-24 17:46:59,115 - INFO - Precio encontrado: 216,37140000
2025-10-24 17:46:58,291 - INFO - Accediendo a https://www.bcv.org.ve/
2025-10-24 17:46:58,290 - INFO - Iniciando extracción del precio del dólar del BCV
2025-10-24 21:55:28,675 - INFO - Iniciando extracción del precio del dólar del BCV
2025-10-24 21:55:28,676 - INFO - Accediendo a https://www.bcv.org.ve/
2025-10-24 21:55:29,594 - INFO - Precio encontrado: 216,37140000
2025-10-24 21:55:29,604 - INFO - Precio guardado: 216.3714 Bs
2025-10-24 21:55:29,604 - INFO - Email no configurado o deshabilitado
2025-10-24 21:55:29,604 - INFO - Telegram no configurado o deshabilitado
2025-10-24 21:55:29,605 - INFO - Proceso completado exitosamente
2025-10-24 22:24:00,233 - INFO - Iniciando extracción del precio del dólar del BCV
2025-10-24 22:24:00,233 - INFO - Accediendo a https://www.bcv.org.ve/
2025-10-24 22:24:01,341 - INFO - Precio encontrado: 216,37140000
2025-10-24 22:24:01,351 - INFO - Precio guardado: 216.3714 Bs
2025-10-24 22:24:01,351 - INFO - Email no configurado o deshabilitado
2025-10-24 22:24:01,352 - INFO - Telegram no configurado o deshabilitado
2025-10-24 22:24:01,352 - INFO - Proceso completado exitosamente
2025-10-25 22:21:25,978 - INFO - Iniciando extracción del precio del dólar del BCV
2025-10-25 22:21:25,978 - INFO - Accediendo a https://www.bcv.org.ve/
2025-10-25 22:21:26,871 - INFO - Precio encontrado: 216,37140000
2025-10-25 22:21:26,882 - INFO - Precio guardado: 216.3714 Bs
2025-10-25 22:21:26,882 - INFO - Email no configurado o deshabilitado
2025-10-25 22:21:26,882 - INFO - Telegram no configurado o deshabilitado
2025-10-25 22:21:26,882 - INFO - Proceso completado exitosamente
2025-10-26 22:21:58,900 - INFO - Iniciando extracción del precio del dólar del BCV
2025-10-26 22:21:58,900 - INFO - Accediendo a https://www.bcv.org.ve/
2025-10-26 22:21:59,682 - INFO - Precio encontrado: 216,37140000
2025-10-26 22:21:59,692 - INFO - Precio guardado: 216.3714 Bs
2025-10-26 22:21:59,692 - INFO - Email no configurado o deshabilitado
2025-10-26 22:21:59,693 - INFO - Telegram no configurado o deshabilitado
2025-10-26 22:21:59,693 - INFO - Proceso completado exitosamente
2025-10-27 22:21:50,303 - INFO - Iniciando extracción del precio del dólar del BCV
2025-10-27 22:21:50,303 - INFO - Accediendo a https://www.bcv.org.ve/
2025-10-27 22:21:51,031 - INFO - Precio encontrado: 218,17000000
2025-10-27 22:21:51,042 - INFO - Precio guardado: 218.17 Bs
2025-10-27 22:21:51,042 - INFO - Email no configurado o deshabilitado
2025-10-27 22:21:51,042 - INFO - Telegram no configurado o deshabilitado
2025-10-27 22:21:51,042 - INFO - Proceso completado exitosamente
2025-10-28 22:25:12,406 - INFO - Iniciando extracción del precio del dólar del BCV
2025-10-28 22:25:12,407 - INFO - Accediendo a https://www.bcv.org.ve/
2025-10-28 22:25:12,999 - INFO - Precio encontrado: 219,87370000
2025-10-28 22:25:13,009 - INFO - Precio guardado: 219.8737 Bs
2025-10-28 22:25:13,009 - INFO - Email no configurado o deshabilitado
2025-10-28 22:25:13,009 - INFO - Telegram no configurado o deshabilitado
2025-10-28 22:25:13,010 - INFO - Proceso completado exitosamente
2025-10-29 22:25:21,563 - INFO - Iniciando extracción del precio del dólar del BCV
2025-10-29 22:25:21,563 - INFO - Accediendo a https://www.bcv.org.ve/
2025-10-29 22:25:22,539 - INFO - Precio encontrado: 221,74380000
2025-10-29 22:25:22,550 - INFO - Precio guardado: 221.7438 Bs
2025-10-29 22:25:22,550 - INFO - Email no configurado o deshabilitado
2025-10-29 22:25:22,550 - INFO - Telegram no configurado o deshabilitado
2025-10-29 22:25:22,550 - INFO - Proceso completado exitosamente
2025-10-30 22:24:22,266 - INFO - Iniciando extracción del precio del dólar del BCV
2025-10-30 22:24:22,266 - INFO - Accediendo a https://www.bcv.org.ve/
2025-10-30 22:24:22,889 - INFO - Precio encontrado: 223,64590000
2025-10-30 22:24:22,900 - INFO - Precio guardado: 223.6459 Bs
2025-10-30 22:24:22,900 - INFO - Email no configurado o deshabilitado
2025-10-30 22:24:22,900 - INFO - Telegram no configurado o deshabilitado
2025-10-30 22:24:22,900 - INFO - Proceso completado exitosamente
2025-10-31 22:24:00,881 - INFO - Iniciando extracción del precio del dólar del BCV
2025-10-31 22:24:00,882 - INFO - Accediendo a https://www.bcv.org.ve/
2025-10-31 22:24:01,823 - INFO - Precio encontrado: 223,96220000
2025-10-31 22:24:01,833 - INFO - Precio guardado: 223.9622 Bs
2025-10-31 22:24:01,833 - INFO - Email no configurado o deshabilitado
2025-10-31 22:24:01,833 - INFO - Telegram no configurado o deshabilitado
2025-10-31 22:24:01,833 - INFO - Proceso completado exitosamente
2025-11-01 22:20:11,633 - INFO - Iniciando extracción del precio del dólar del BCV
2025-11-01 22:20:11,633 - INFO - Accediendo a https://www.bcv.org.ve/
2025-11-01 22:20:12,468 - INFO - Precio encontrado: 223,96220000
2025-11-01 22:20:12,478 - INFO - Precio guardado: 223.9622 Bs
2025-11-01 22:20:12,478 - INFO - Email no configurado o deshabilitado
2025-11-01 22:20:12,478 - INFO - Telegram no configurado o deshabilitado
2025-11-01 22:20:12,478 - INFO - Proceso completado exitosamente
2025-11-02 22:20:53,902 - INFO - Iniciando extracción del precio del dólar del BCV
2025-11-02 22:20:53,902 - INFO - Accediendo a https://www.bcv.org.ve/
2025-11-02 22:20:54,675 - INFO - Precio encontrado: 223,96220000
2025-11-02 22:20:54,685 - INFO - Precio guardado: 223.9622 Bs
2025-11-02 22:20:54,686 - INFO - Email no configurado o deshabilitado
2025-11-02 22:20:54,686 - INFO - Telegram no configurado o deshabilitado
2025-11-02 22:20:54,686 - INFO - Proceso completado exitosamente
2025-11-03 22:24:42,671 - INFO - Iniciando extracción del precio del dólar del BCV
2025-11-03 22:24:42,671 - INFO - Accediendo a https://www.bcv.org.ve/
2025-11-03 22:24:43,604 - INFO - Precio encontrado: 224,37620000
2025-11-03 22:24:43,614 - INFO - Precio guardado: 224.3762 Bs
2025-11-03 22:24:43,614 - INFO - Email no configurado o deshabilitado
2025-11-03 22:24:43,614 - INFO - Telegram no configurado o deshabilitado
2025-11-03 22:24:43,615 - INFO - Proceso completado exitosamente
2025-11-04 22:24:05,385 - INFO - Iniciando extracción del precio del dólar del BCV
2025-11-04 22:24:05,385 - INFO - Accediendo a https://www.bcv.org.ve/
2025-11-04 22:24:09,312 - INFO - Precio encontrado: 226,13050000
2025-11-04 22:24:09,323 - INFO - Precio guardado: 226.1305 Bs
2025-11-04 22:24:09,323 - INFO - Email no configurado o deshabilitado
2025-11-04 22:24:09,323 - INFO - Telegram no configurado o deshabilitado
2025-11-04 22:24:09,323 - INFO - Proceso completado exitosamente
2025-11-05 22:22:59,281 - INFO - Iniciando extracción del precio del dólar del BCV
2025-11-05 22:22:59,281 - INFO - Accediendo a https://www.bcv.org.ve/
2025-11-05 22:22:59,865 - INFO - Precio encontrado: 227,55670000
2025-11-05 22:22:59,875 - INFO - Precio guardado: 227.5567 Bs
2025-11-05 22:22:59,875 - INFO - Email no configurado o deshabilitado
2025-11-05 22:22:59,875 - INFO - Telegram no configurado o deshabilitado
2025-11-05 22:22:59,875 - INFO - Proceso completado exitosamente
2025-11-06 22:24:54,702 - INFO - Iniciando extracción del precio del dólar del BCV
2025-11-06 22:24:54,702 - INFO - Accediendo a https://www.bcv.org.ve/
2025-11-06 22:24:59,684 - INFO - Precio encontrado: 228,47960000
2025-11-06 22:24:59,695 - INFO - Precio guardado: 228.4796 Bs
2025-11-06 22:24:59,695 - INFO - Email no configurado o deshabilitado
2025-11-06 22:24:59,695 - INFO - Telegram no configurado o deshabilitado
2025-11-06 22:24:59,695 - INFO - Proceso completado exitosamente
2025-11-07 22:22:40,425 - INFO - Iniciando extracción del precio del dólar del BCV
2025-11-07 22:22:40,425 - INFO - Accediendo a https://www.bcv.org.ve/
2025-11-07 22:22:41,379 - INFO - Precio encontrado: 231,04620000
2025-11-07 22:22:41,389 - INFO - Precio guardado: 231.0462 Bs
2025-11-07 22:22:41,389 - INFO - Email no configurado o deshabilitado
2025-11-07 22:22:41,389 - INFO - Telegram no configurado o deshabilitado
2025-11-07 22:22:41,389 - INFO - Proceso completado exitosamente
2025-11-08 22:20:51,514 - INFO - Iniciando extracción del precio del dólar del BCV
2025-11-08 22:20:51,514 - INFO - Accediendo a https://www.bcv.org.ve/
2025-11-08 22:20:56,798 - INFO - Precio encontrado: 231,04620000
2025-11-08 22:20:56,809 - INFO - Precio guardado: 231.0462 Bs
2025-11-08 22:20:56,809 - INFO - Email no configurado o deshabilitado
2025-11-08 22:20:56,809 - INFO - Telegram no configurado o deshabilitado
2025-11-08 22:20:56,809 - INFO - Proceso completado exitosamente
2025-11-09 22:20:58,732 - INFO - Iniciando extracción del precio del dólar del BCV
2025-11-09 22:20:58,732 - INFO - Accediendo a https://www.bcv.org.ve/
2025-11-09 22:20:59,340 - INFO - Precio encontrado: 231,04620000
2025-11-09 22:20:59,350 - INFO - Precio guardado: 231.0462 Bs
2025-11-09 22:20:59,350 - INFO - Email no configurado o deshabilitado
2025-11-09 22:20:59,350 - INFO - Telegram no configurado o deshabilitado
2025-11-09 22:20:59,351 - INFO - Proceso completado exitosamente
2025-11-10 22:23:46,777 - INFO - Iniciando extracción del precio del dólar del BCV
2025-11-10 22:23:46,777 - INFO - Accediendo a https://www.bcv.org.ve/
2025-11-10 22:23:47,699 - INFO - Precio encontrado: 231,09380000
2025-11-10 22:23:47,710 - INFO - Precio guardado: 231.0938 Bs
2025-11-10 22:23:47,710 - INFO - Email no configurado o deshabilitado
2025-11-10 22:23:47,710 - INFO - Telegram no configurado o deshabilitado
2025-11-10 22:23:47,710 - INFO - Proceso completado exitosamente
2025-11-11 22:23:17,731 - INFO - Iniciando extracción del precio del dólar del BCV
2025-11-11 22:23:17,731 - INFO - Accediendo a https://www.bcv.org.ve/
2025-11-11 22:23:18,476 - INFO - Precio encontrado: 233,04580000
2025-11-11 22:23:18,486 - INFO - Precio guardado: 233.0458 Bs
2025-11-11 22:23:18,486 - INFO - Email no configurado o deshabilitado
2025-11-11 22:23:18,486 - INFO - Telegram no configurado o deshabilitado
2025-11-11 22:23:18,487 - INFO - Proceso completado exitosamente
2025-11-12 22:23:38,266 - INFO - Iniciando extracción del precio del dólar del BCV
2025-11-12 22:23:38,266 - INFO - Accediendo a https://www.bcv.org.ve/
2025-11-12 22:23:39,182 - INFO - Precio encontrado: 233,55760000
2025-11-12 22:23:39,192 - INFO - Precio guardado: 233.5576 Bs
2025-11-12 22:23:39,192 - INFO - Email no configurado o deshabilitado
2025-11-12 22:23:39,193 - INFO - Telegram no configurado o deshabilitado
2025-11-12 22:23:39,193 - INFO - Proceso completado exitosamente
